[2020-10-27T07:48:47.368308+01:00] newsletter.INFO: receiverEmail: sascha-happ@live.de ,receiverTemplate: template1 [] []
[2020-10-27T07:48:47.524166+01:00] newsletter.INFO: receiverEmail: quad461@gmail.com ,receiverTemplate: template1 [] []
[2020-10-27T07:49:26.463285+01:00] newsletter.INFO: receiverEmail: sascha-happ@live.de ,receiverTemplate: template2 [] []
[2020-10-27T07:49:26.618406+01:00] newsletter.INFO: receiverEmail: quad461@gmail.com ,receiverTemplate: template4 [] []
[2020-10-27T08:03:43.711226+01:00] newsletter.INFO: receiverEmail: sascha-happ@live.de ,receiverTemplate: template4 [] []
[2020-10-27T08:03:43.867038+01:00] newsletter.INFO: receiverEmail: quad461@gmail.com ,receiverTemplate: template3 [] []
[2020-10-27T08:08:00.979455+01:00] newsletter.INFO: receiverEmail: sascha-happ@live.de ,receiverTemplate: hello [] []
[2020-10-27T08:08:01.119579+01:00] newsletter.INFO: receiverEmail: quad461@gmail.com ,receiverTemplate: hello [] []
[2020-10-27T08:56:36.615432+01:00] newsletter.INFO: receiverEmail: snickyyylp@gmail.com ,receiverTemplate: template2 [] []
[2020-10-27T08:57:08.905392+01:00] newsletter.INFO: receiverEmail: sascha-happ@live.de ,receiverTemplate:  [] []
[2020-10-27T08:58:41.436967+01:00] newsletter.INFO: receiverEmail: sascha-happ@live.de ,receiverTemplate: template1 [] []
[2020-10-27T08:58:41.593488+01:00] newsletter.INFO: receiverEmail: quad461@gmail.com ,receiverTemplate: template3 [] []
[2020-10-27T08:59:39.469092+01:00] newsletter.INFO: receiverEmail: snickyyylp@gmail.com ,receiverTemplate: template1 [] []
[2020-10-27T09:00:59.845992+01:00] newsletter.INFO: receiverEmail: sascha-happ@live.de ,receiverTemplate: template1 [] []
[2020-10-27T09:01:22.518086+01:00] newsletter.INFO: receiverEmail: sascha-happ@live.de ,receiverTemplate: template1 [] []
[2020-10-27T09:01:22.674032+01:00] newsletter.INFO: receiverEmail: quad461@gmail.com ,receiverTemplate: hello [] []
[2020-10-27T09:10:43.109392+01:00] newsletter.INFO: receiverEmail: sascha-happ@live.de ,receiverTemplate: template1 [] []
[2020-10-27T09:10:43.264979+01:00] newsletter.INFO: receiverEmail: quad461@gmail.com ,receiverTemplate: template1 [] []
[2020-10-27T09:24:14.305874+01:00] newsletter.INFO: receiverEmail: sascha-happ@live.de ,receiverTemplate: template3 [] []
[2020-10-27T09:24:14.460521+01:00] newsletter.INFO: receiverEmail: quad461@gmail.com ,receiverTemplate: template2 [] []
[2020-10-28T07:21:05.228944+01:00] newsletter.INFO: receiverEmail: sascha-happ@live.de ,receiverTemplate: hello [] []
[2020-10-28T07:21:05.414553+01:00] newsletter.INFO: receiverEmail: quad461@gmail.com ,receiverTemplate: hello [] []
[2020-10-28T07:34:16.230611+01:00] newsletter.INFO: receiverEmail: sascha-happ@live.de ,receiverTemplate: hello [] []
[2020-10-28T07:34:16.386370+01:00] newsletter.INFO: receiverEmail: quad461@gmail.com ,receiverTemplate: template4 [] []
[2020-10-28T09:54:45.627354+01:00] newsletter.INFO: receiverEmail: sascha-happ@live.de ,receiverTemplate: template3 [] []
[2020-10-28T09:55:00.878877+01:00] newsletter.INFO: receiverEmail: sascha-happ@live.de ,receiverTemplate: template3 [] []
[2020-10-28T09:55:01.033426+01:00] newsletter.INFO: receiverEmail: quad461@gmail.com ,receiverTemplate: template3 [] []
[2020-10-28T09:55:28.112496+01:00] newsletter.INFO: receiverEmail: sascha-happ@live.de ,receiverTemplate: template1 [] []
[2020-10-28T09:55:28.267870+01:00] newsletter.INFO: receiverEmail: quad461@gmail.com ,receiverTemplate: template1 [] []
